<?xml version="1.0" encoding="UTF-8"?>
<!-- Generated by org.testng.reporters.JUnitReportReporter -->
<testsuite hostname="anupamamishra" failures="0" tests="1" name="com.ibm.basetest.BaseTest" time="38.638" errors="0" timestamp="04 Jan 2019 08:55:39 GMT" skipped="0">
  <testcase classname="com.ibm.basetest.BaseTest" name="LoginTest" time="38.638"/>
</testsuite> <!-- com.ibm.basetest.BaseTest -->
